<?xml version="1.0" encoding="UTF-8"?>
<!-- Generated by org.testng.reporters.JUnitReportReporter -->
<testsuite hostname="Dhivya" failures="0" tests="1" name="htmlcanvaspage.linedraw" time="4.303" errors="0" timestamp="2022-01-19T17:36:14 IST" skipped="0">
  <testcase classname="htmlcanvaspage.linedraw" name="lineoperations" time="4.303"/>
  <system-out/>
</testsuite> <!-- htmlcanvaspage.linedraw -->
